<?xml version="1.0" encoding="UTF-8"?>
<testsuite xmlns:xsi="http://www.w3.org/2001/XMLSchema-instance" xsi:noNamespaceSchemaLocation="https://maven.apache.org/surefire/maven-surefire-plugin/xsd/surefire-test-report.xsd" name="jeestudy.calc.CalcBeanTest" time="0.046" tests="2" errors="0" skipped="0" failures="0">
  <properties>
[...]
</properties>
  <testcase name="add" classname="jeestudy.calc.CalcBeanTest" time="0.031"/>
  <testcase name="getCount" classname="jeestudy.calc.CalcBeanTest" time="0.001"/>
</testsuite>